./so_emulator_example
core 0: A = 01, D = 03, X = 11, Y = 21, PC = 04, C = 0, Z = 0, [X] = 00, [Y] = 00, [X + D] = 00, [Y + D] = 00
core 0: A = 01, D = 04, X = 11, Y = 21, PC = 0b, C = 0, Z = 0, [X] = 01, [Y] = 03, [X + D] = 08, [Y + D] = 08
00 00 00 00 00 00 00 00  00 00 00 00 00 00 00 00
00 01 00 00 07 08 00 00  00 00 00 00 00 00 00 00
00 03 00 00 00 08 00 00  00 00 00 00 00 00 00 00
00 00 00 00 00 00 00 00  00 00 00 00 00 00 00 00
00 00 00 00 00 00 00 00  00 00 00 00 00 00 00 00
00 00 00 00 00 00 00 00  00 00 00 00 00 00 00 00
00 00 00 00 00 00 00 00  00 00 00 00 00 00 00 00
00 00 00 00 00 00 00 00  00 00 00 00 00 00 00 00
00 00 00 00 00 00 00 00  00 00 00 00 00 00 00 00
00 00 00 00 00 00 00 00  00 00 00 00 00 00 00 00
00 00 00 00 00 00 00 00  00 00 00 00 00 00 00 00
00 00 00 00 00 00 00 00  00 00 00 00 00 00 00 00
00 00 00 00 00 00 00 00  00 00 00 00 00 00 00 00
00 00 00 00 00 00 00 00  00 00 00 00 00 00 00 00
00 00 00 00 00 00 00 00  00 00 00 00 00 00 00 00
00 00 00 00 00 00 00 00  00 00 00 00 00 00 00 00

./so_emulator_example 61 18
3d 12 00 00 00 00 00 00  00 00 00 00 00 00 00 00
00 00 00 00 00 00 00 00  00 00 00 00 00 00 00 00
00 00 00 00 00 00 00 00  00 00 00 00 00 00 00 00
00 00 00 00 00 00 00 00  00 00 00 00 00 00 00 00
00 00 00 00 00 00 00 00  00 00 00 00 00 00 00 00
00 00 00 00 00 00 00 00  00 00 00 00 00 00 00 00
00 00 00 00 00 00 00 00  00 00 00 00 00 00 00 00
00 00 00 00 00 00 00 00  00 00 00 00 00 00 00 00
00 00 00 00 00 00 00 00  00 00 00 00 00 00 00 00
00 00 00 00 00 00 00 00  00 00 00 00 00 00 00 00
00 00 00 00 00 00 00 00  00 00 00 00 00 00 00 00
00 00 00 00 00 00 00 00  00 00 00 00 00 00 00 00
00 00 00 00 00 00 00 00  00 00 00 00 00 00 00 00
00 00 00 00 00 00 00 00  00 00 00 00 00 00 00 00
00 00 00 00 00 00 00 00  00 00 00 00 00 00 00 00
00 00 00 00 00 00 00 00  00 00 00 00 00 00 00 00
core 0: A = 00, D = 00, X = 00, Y = 00, PC = 00, C = 0, Z = 0, [X] = 3d, [Y] = 3d, [X + D] = 3d, [Y + D] = 3d
core 0: A = 00, D = 00, X = 01, Y = 00, PC = 01, C = 0, Z = 0, [X] = 12, [Y] = 3d, [X + D] = 12, [Y + D] = 3d
core 0: A = 00, D = 00, X = 01, Y = 00, PC = 02, C = 0, Z = 0, [X] = 12, [Y] = 3d, [X + D] = 12, [Y + D] = 3d
core 0: A = 3d, D = 00, X = 01, Y = 00, PC = 03, C = 0, Z = 0, [X] = 12, [Y] = 3d, [X + D] = 12, [Y + D] = 3d
core 0: A = 3d, D = 00, X = 01, Y = 00, PC = 04, C = 0, Z = 0, [X] = 12, [Y] = 00, [X + D] = 12, [Y + D] = 00
core 0: A = 3d, D = 08, X = 01, Y = 00, PC = 05, C = 0, Z = 0, [X] = 12, [Y] = 00, [X + D] = 00, [Y + D] = 00
core 0: A = 3d, D = 08, X = 01, Y = 00, PC = 06, C = 0, Z = 0, [X] = 09, [Y] = 00, [X + D] = 00, [Y + D] = 00
core 0: A = 3d, D = 08, X = 01, Y = 00, PC = 09, C = 0, Z = 0, [X] = 09, [Y] = 00, [X + D] = 00, [Y + D] = 00
core 0: A = 3d, D = 08, X = 01, Y = 00, PC = 0a, C = 0, Z = 0, [X] = 09, [Y] = 00, [X + D] = 00, [Y + D] = 00
core 0: A = 3d, D = 08, X = 01, Y = 00, PC = 0b, C = 1, Z = 0, [X] = 04, [Y] = 00, [X + D] = 00, [Y + D] = 00
core 0: A = 3d, D = 07, X = 01, Y = 00, PC = 0c, C = 1, Z = 0, [X] = 04, [Y] = 00, [X + D] = 00, [Y + D] = 00
core 0: A = 3d, D = 07, X = 01, Y = 00, PC = 06, C = 1, Z = 0, [X] = 04, [Y] = 00, [X + D] = 00, [Y + D] = 00
core 0: A = 3d, D = 07, X = 01, Y = 00, PC = 07, C = 1, Z = 0, [X] = 04, [Y] = 00, [X + D] = 00, [Y + D] = 00
core 0: A = 3d, D = 07, X = 01, Y = 00, PC = 08, C = 0, Z = 0, [X] = 04, [Y] = 00, [X + D] = 00, [Y + D] = 00
core 0: A = 3d, D = 07, X = 01, Y = 00, PC = 09, C = 0, Z = 0, [X] = 04, [Y] = 3d, [X + D] = 00, [Y + D] = 00
core 0: A = 3d, D = 07, X = 01, Y = 00, PC = 0a, C = 1, Z = 0, [X] = 04, [Y] = 1e, [X + D] = 00, [Y + D] = 00
core 0: A = 3d, D = 07, X = 01, Y = 00, PC = 0b, C = 0, Z = 0, [X] = 82, [Y] = 1e, [X + D] = 00, [Y + D] = 00
core 0: A = 3d, D = 06, X = 01, Y = 00, PC = 0c, C = 0, Z = 0, [X] = 82, [Y] = 1e, [X + D] = 00, [Y + D] = 00
core 0: A = 3d, D = 06, X = 01, Y = 00, PC = 06, C = 0, Z = 0, [X] = 82, [Y] = 1e, [X + D] = 00, [Y + D] = 00
core 0: A = 3d, D = 06, X = 01, Y = 00, PC = 09, C = 0, Z = 0, [X] = 82, [Y] = 1e, [X + D] = 00, [Y + D] = 00
core 0: A = 3d, D = 06, X = 01, Y = 00, PC = 0a, C = 0, Z = 0, [X] = 82, [Y] = 0f, [X + D] = 00, [Y + D] = 00
core 0: A = 3d, D = 06, X = 01, Y = 00, PC = 0b, C = 0, Z = 0, [X] = 41, [Y] = 0f, [X + D] = 00, [Y + D] = 00
core 0: A = 3d, D = 05, X = 01, Y = 00, PC = 0c, C = 0, Z = 0, [X] = 41, [Y] = 0f, [X + D] = 00, [Y + D] = 00
core 0: A = 3d, D = 05, X = 01, Y = 00, PC = 06, C = 0, Z = 0, [X] = 41, [Y] = 0f, [X + D] = 00, [Y + D] = 00
core 0: A = 3d, D = 05, X = 01, Y = 00, PC = 09, C = 0, Z = 0, [X] = 41, [Y] = 0f, [X + D] = 00, [Y + D] = 00
core 0: A = 3d, D = 05, X = 01, Y = 00, PC = 0a, C = 1, Z = 0, [X] = 41, [Y] = 07, [X + D] = 00, [Y + D] = 00
core 0: A = 3d, D = 05, X = 01, Y = 00, PC = 0b, C = 1, Z = 0, [X] = a0, [Y] = 07, [X + D] = 00, [Y + D] = 00
core 0: A = 3d, D = 04, X = 01, Y = 00, PC = 0c, C = 1, Z = 0, [X] = a0, [Y] = 07, [X + D] = 00, [Y + D] = 00
core 0: A = 3d, D = 04, X = 01, Y = 00, PC = 06, C = 1, Z = 0, [X] = a0, [Y] = 07, [X + D] = 00, [Y + D] = 00
core 0: A = 3d, D = 04, X = 01, Y = 00, PC = 07, C = 1, Z = 0, [X] = a0, [Y] = 07, [X + D] = 00, [Y + D] = 00
core 0: A = 3d, D = 04, X = 01, Y = 00, PC = 08, C = 0, Z = 0, [X] = a0, [Y] = 07, [X + D] = 00, [Y + D] = 00
core 0: A = 3d, D = 04, X = 01, Y = 00, PC = 09, C = 0, Z = 0, [X] = a0, [Y] = 44, [X + D] = 00, [Y + D] = 00
core 0: A = 3d, D = 04, X = 01, Y = 00, PC = 0a, C = 0, Z = 0, [X] = a0, [Y] = 22, [X + D] = 00, [Y + D] = 00
core 0: A = 3d, D = 04, X = 01, Y = 00, PC = 0b, C = 0, Z = 0, [X] = 50, [Y] = 22, [X + D] = 00, [Y + D] = 00
core 0: A = 3d, D = 03, X = 01, Y = 00, PC = 0c, C = 0, Z = 0, [X] = 50, [Y] = 22, [X + D] = 00, [Y + D] = 00
core 0: A = 3d, D = 03, X = 01, Y = 00, PC = 06, C = 0, Z = 0, [X] = 50, [Y] = 22, [X + D] = 00, [Y + D] = 00
core 0: A = 3d, D = 03, X = 01, Y = 00, PC = 09, C = 0, Z = 0, [X] = 50, [Y] = 22, [X + D] = 00, [Y + D] = 00
core 0: A = 3d, D = 03, X = 01, Y = 00, PC = 0a, C = 0, Z = 0, [X] = 50, [Y] = 11, [X + D] = 00, [Y + D] = 00
core 0: A = 3d, D = 03, X = 01, Y = 00, PC = 0b, C = 0, Z = 0, [X] = 28, [Y] = 11, [X + D] = 00, [Y + D] = 00
core 0: A = 3d, D = 02, X = 01, Y = 00, PC = 0c, C = 0, Z = 0, [X] = 28, [Y] = 11, [X + D] = 00, [Y + D] = 00
core 0: A = 3d, D = 02, X = 01, Y = 00, PC = 06, C = 0, Z = 0, [X] = 28, [Y] = 11, [X + D] = 00, [Y + D] = 00
core 0: A = 3d, D = 02, X = 01, Y = 00, PC = 09, C = 0, Z = 0, [X] = 28, [Y] = 11, [X + D] = 00, [Y + D] = 00
core 0: A = 3d, D = 02, X = 01, Y = 00, PC = 0a, C = 1, Z = 0, [X] = 28, [Y] = 08, [X + D] = 00, [Y + D] = 00
core 0: A = 3d, D = 02, X = 01, Y = 00, PC = 0b, C = 0, Z = 0, [X] = 94, [Y] = 08, [X + D] = 00, [Y + D] = 00
core 0: A = 3d, D = 01, X = 01, Y = 00, PC = 0c, C = 0, Z = 0, [X] = 94, [Y] = 08, [X + D] = 00, [Y + D] = 94
core 0: A = 3d, D = 01, X = 01, Y = 00, PC = 06, C = 0, Z = 0, [X] = 94, [Y] = 08, [X + D] = 00, [Y + D] = 94
core 0: A = 3d, D = 01, X = 01, Y = 00, PC = 09, C = 0, Z = 0, [X] = 94, [Y] = 08, [X + D] = 00, [Y + D] = 94
core 0: A = 3d, D = 01, X = 01, Y = 00, PC = 0a, C = 0, Z = 0, [X] = 94, [Y] = 04, [X + D] = 00, [Y + D] = 94
core 0: A = 3d, D = 01, X = 01, Y = 00, PC = 0b, C = 0, Z = 0, [X] = 4a, [Y] = 04, [X + D] = 00, [Y + D] = 4a
core 0: A = 3d, D = 00, X = 01, Y = 00, PC = 0c, C = 0, Z = 1, [X] = 4a, [Y] = 04, [X + D] = 4a, [Y + D] = 04
core 0: A = 3d, D = 00, X = 01, Y = 00, PC = 0d, C = 0, Z = 1, [X] = 4a, [Y] = 04, [X + D] = 4a, [Y + D] = 04
04 4a 00 00 00 00 00 00  00 00 00 00 00 00 00 00
00 00 00 00 00 00 00 00  00 00 00 00 00 00 00 00
00 00 00 00 00 00 00 00  00 00 00 00 00 00 00 00
00 00 00 00 00 00 00 00  00 00 00 00 00 00 00 00
00 00 00 00 00 00 00 00  00 00 00 00 00 00 00 00
00 00 00 00 00 00 00 00  00 00 00 00 00 00 00 00
00 00 00 00 00 00 00 00  00 00 00 00 00 00 00 00
00 00 00 00 00 00 00 00  00 00 00 00 00 00 00 00
00 00 00 00 00 00 00 00  00 00 00 00 00 00 00 00
00 00 00 00 00 00 00 00  00 00 00 00 00 00 00 00
00 00 00 00 00 00 00 00  00 00 00 00 00 00 00 00
00 00 00 00 00 00 00 00  00 00 00 00 00 00 00 00
00 00 00 00 00 00 00 00  00 00 00 00 00 00 00 00
00 00 00 00 00 00 00 00  00 00 00 00 00 00 00 00
00 00 00 00 00 00 00 00  00 00 00 00 00 00 00 00
00 00 00 00 00 00 00 00  00 00 00 00 00 00 00 00

./so_emulator_example 10240
00 00 00 00 00 00 00 00  00 00 28 00 00 00 28 00
00 00 28 00 00 00 28 00  00 00 00 00 00 00 00 00
00 00 00 00 00 00 00 00  00 00 00 00 00 00 00 00
00 00 00 00 00 00 00 00  00 00 00 00 00 00 00 00
00 00 00 00 00 00 00 00  00 00 00 00 00 00 00 00
00 00 00 00 00 00 00 00  00 00 00 00 00 00 00 00
00 00 00 00 00 00 00 00  00 00 00 00 00 00 00 00
00 00 00 00 00 00 00 00  00 00 00 00 00 00 00 00
00 00 00 00 00 00 00 00  00 00 00 00 00 00 00 00
00 00 00 00 00 00 00 00  00 00 00 00 00 00 00 00
00 00 00 00 00 00 00 00  00 00 00 00 00 00 00 00
00 00 00 00 00 00 00 00  00 00 00 00 00 00 00 00
00 00 00 00 00 00 00 00  00 00 00 00 00 00 00 00
00 00 00 00 00 00 00 00  00 00 00 00 00 00 00 00
00 00 00 00 00 00 00 00  00 00 00 00 00 00 00 00
00 00 00 00 00 00 00 00  00 00 00 00 00 00 00 00
core 0: A = 00, D = 00, X = 05, Y = 07, PC = 1d, C = 0, Z = 1, [X] = 00, [Y] = 00, [X + D] = 00, [Y + D] = 00
core 1: A = 00, D = 00, X = 05, Y = 0b, PC = 1d, C = 0, Z = 1, [X] = 00, [Y] = 00, [X + D] = 00, [Y + D] = 00
core 2: A = 00, D = 00, X = 05, Y = 0f, PC = 1d, C = 0, Z = 1, [X] = 00, [Y] = 00, [X + D] = 00, [Y + D] = 00
core 3: A = 00, D = 00, X = 05, Y = 13, PC = 1d, C = 0, Z = 1, [X] = 00, [Y] = 00, [X + D] = 00, [Y + D] = 00
00 00 a0 00 00 00 00 00  00 00 00 00 00 00 00 00
00 00 00 00 00 00 00 00  00 00 00 00 00 00 00 00
00 00 00 00 00 00 00 00  00 00 00 00 00 00 00 00
00 00 00 00 00 00 00 00  00 00 00 00 00 00 00 00
00 00 00 00 00 00 00 00  00 00 00 00 00 00 00 00
00 00 00 00 00 00 00 00  00 00 00 00 00 00 00 00
00 00 00 00 00 00 00 00  00 00 00 00 00 00 00 00
00 00 00 00 00 00 00 00  00 00 00 00 00 00 00 00
00 00 00 00 00 00 00 00  00 00 00 00 00 00 00 00
00 00 00 00 00 00 00 00  00 00 00 00 00 00 00 00
00 00 00 00 00 00 00 00  00 00 00 00 00 00 00 00
00 00 00 00 00 00 00 00  00 00 00 00 00 00 00 00
00 00 00 00 00 00 00 00  00 00 00 00 00 00 00 00
00 00 00 00 00 00 00 00  00 00 00 00 00 00 00 00
00 00 00 00 00 00 00 00  00 00 00 00 00 00 00 00
00 00 00 00 00 00 00 00  00 00 00 00 00 00 00 00
